c:\users\win10\desktop\project1 (2)\project1\project1\debug\vc142.pdb
c:\users\win10\desktop\project1 (2)\project1\project1\debug\.netframework,version=v4.5.assemblyattributes.obj
c:\users\win10\desktop\project1 (2)\project1\project1\debug\myform1.obj
c:\users\win10\desktop\project1 (2)\project1\project1\debug\myform.obj
c:\users\win10\desktop\project1 (2)\project1\project1\debug\router.obj
c:\users\win10\desktop\project1 (2)\project1\debug\project1.exe
c:\users\win10\desktop\project1 (2)\project1\debug\project1.pdb
c:\users\win10\desktop\project1 (2)\project1\project1\debug\project1.myform.resources
c:\users\win10\desktop\project1 (2)\project1\project1\debug\project1.myform1.resources
c:\users\win10\desktop\project1 (2)\project1\project1\debug\project1.res
c:\users\win10\desktop\project1 (2)\project1\project1\debug\project1.tlog\cl.command.1.tlog
c:\users\win10\desktop\project1 (2)\project1\project1\debug\project1.tlog\cl.read.1.tlog
c:\users\win10\desktop\project1 (2)\project1\project1\debug\project1.tlog\cl.write.1.tlog
c:\users\win10\desktop\project1 (2)\project1\project1\debug\project1.tlog\link.command.1.tlog
c:\users\win10\desktop\project1 (2)\project1\project1\debug\project1.tlog\link.read.1.tlog
c:\users\win10\desktop\project1 (2)\project1\project1\debug\project1.tlog\link.write.1.tlog
c:\users\win10\desktop\project1 (2)\project1\project1\debug\project1.tlog\metagen.read.1.tlog
c:\users\win10\desktop\project1 (2)\project1\project1\debug\project1.tlog\metagen.write.1.tlog
c:\users\win10\desktop\project1 (2)\project1\project1\debug\project1.tlog\project1.write.1u.tlog
c:\users\win10\desktop\project1 (2)\project1\project1\debug\project1.tlog\rc.command.1.tlog
c:\users\win10\desktop\project1 (2)\project1\project1\debug\project1.tlog\rc.read.1.tlog
c:\users\win10\desktop\project1 (2)\project1\project1\debug\project1.tlog\rc.write.1.tlog
